Analysis & Synthesis report for LB08
Thu Nov 24 14:29:59 2016
Quartus Prime Version 16.0.0 Build 211 04/27/2016 SJ Lite Edition


---------------------
; Table of Contents ;
---------------------
  1. Legal Notice
  2. Analysis & Synthesis Summary
  3. Analysis & Synthesis Settings
  4. Parallel Compilation
  5. Analysis & Synthesis Source Files Read
  6. Analysis & Synthesis Resource Usage Summary
  7. Analysis & Synthesis Resource Utilization by Entity
  8. State Machine - |AlrTest|halfSecDelay:stage3|Prest
  9. State Machine - |AlrTest|System:stage1|Prest
 10. State Machine - |AlrTest|System:stage1|TenSecDelay:stage0|Prest
 11. Logic Cells Representing Combinational Loops
 12. General Register Statistics
 13. Parameter Settings for User Entity Instance: Alarm:stage0|PreScale:stage1
 14. Parameter Settings for User Entity Instance: PreScale:stage2
 15. Post-Synthesis Netlist Statistics for Top Partition
 16. Elapsed Time Per Partition
 17. Analysis & Synthesis Messages



----------------
; Legal Notice ;
----------------
Copyright (C) 1991-2016 Altera Corporation. All rights reserved.
Your use of Altera Corporation's design tools, logic functions 
and other software and tools, and its AMPP partner logic 
functions, and any output files from any of the foregoing 
(including device programming or simulation files), and any 
associated documentation or information are expressly subject 
to the terms and conditions of the Altera Program License 
Subscription Agreement, the Altera Quartus Prime License Agreement,
the Altera MegaCore Function License Agreement, or other 
applicable license agreement, including, without limitation, 
that your use is for the sole purpose of programming logic 
devices manufactured by Altera and sold by Altera or its 
authorized distributors.  Please refer to the applicable 
agreement for further details.



+----------------------------------------------------------------------------------+
; Analysis & Synthesis Summary                                                     ;
+------------------------------------+---------------------------------------------+
; Analysis & Synthesis Status        ; Successful - Thu Nov 24 14:29:59 2016       ;
; Quartus Prime Version              ; 16.0.0 Build 211 04/27/2016 SJ Lite Edition ;
; Revision Name                      ; LB08                                        ;
; Top-level Entity Name              ; AlrTest                                     ;
; Family                             ; Cyclone IV E                                ;
; Total logic elements               ; 69                                          ;
;     Total combinational functions  ; 63                                          ;
;     Dedicated logic registers      ; 52                                          ;
; Total registers                    ; 52                                          ;
; Total pins                         ; 80                                          ;
; Total virtual pins                 ; 0                                           ;
; Total memory bits                  ; 0                                           ;
; Embedded Multiplier 9-bit elements ; 0                                           ;
; Total PLLs                         ; 0                                           ;
+------------------------------------+---------------------------------------------+


+----------------------------------------------------------------------------------------------------------------------+
; Analysis & Synthesis Settings                                                                                        ;
+----------------------------------------------------------------------------+--------------------+--------------------+
; Option                                                                     ; Setting            ; Default Value      ;
+----------------------------------------------------------------------------+--------------------+--------------------+
; Device                                                                     ; EP4CE115F29C7      ;                    ;
; Top-level entity name                                                      ; AlrTest            ; LB08               ;
; Family name                                                                ; Cyclone IV E       ; Cyclone V          ;
; Use smart compilation                                                      ; Off                ; Off                ;
; Enable parallel Assembler and TimeQuest Timing Analyzer during compilation ; On                 ; On                 ;
; Enable compact report table                                                ; Off                ; Off                ;
; Restructure Multiplexers                                                   ; Auto               ; Auto               ;
; Create Debugging Nodes for IP Cores                                        ; Off                ; Off                ;
; Preserve fewer node names                                                  ; On                 ; On                 ;
; Disable OpenCore Plus hardware evaluation                                  ; Off                ; Off                ;
; Verilog Version                                                            ; Verilog_2001       ; Verilog_2001       ;
; VHDL Version                                                               ; VHDL_1993          ; VHDL_1993          ;
; State Machine Processing                                                   ; Auto               ; Auto               ;
; Safe State Machine                                                         ; Off                ; Off                ;
; Extract Verilog State Machines                                             ; On                 ; On                 ;
; Extract VHDL State Machines                                                ; On                 ; On                 ;
; Ignore Verilog initial constructs                                          ; Off                ; Off                ;
; Iteration limit for constant Verilog loops                                 ; 5000               ; 5000               ;
; Iteration limit for non-constant Verilog loops                             ; 250                ; 250                ;
; Add Pass-Through Logic to Inferred RAMs                                    ; On                 ; On                 ;
; Infer RAMs from Raw Logic                                                  ; On                 ; On                 ;
; Parallel Synthesis                                                         ; On                 ; On                 ;
; DSP Block Balancing                                                        ; Auto               ; Auto               ;
; NOT Gate Push-Back                                                         ; On                 ; On                 ;
; Power-Up Don't Care                                                        ; On                 ; On                 ;
; Remove Redundant Logic Cells                                               ; Off                ; Off                ;
; Remove Duplicate Registers                                                 ; On                 ; On                 ;
; Ignore CARRY Buffers                                                       ; Off                ; Off                ;
; Ignore CASCADE Buffers                                                     ; Off                ; Off                ;
; Ignore GLOBAL Buffers                                                      ; Off                ; Off                ;
; Ignore ROW GLOBAL Buffers                                                  ; Off                ; Off                ;
; Ignore LCELL Buffers                                                       ; Off                ; Off                ;
; Ignore SOFT Buffers                                                        ; On                 ; On                 ;
; Limit AHDL Integers to 32 Bits                                             ; Off                ; Off                ;
; Optimization Technique                                                     ; Balanced           ; Balanced           ;
; Carry Chain Length                                                         ; 70                 ; 70                 ;
; Auto Carry Chains                                                          ; On                 ; On                 ;
; Auto Open-Drain Pins                                                       ; On                 ; On                 ;
; Perform WYSIWYG Primitive Resynthesis                                      ; Off                ; Off                ;
; Auto ROM Replacement                                                       ; On                 ; On                 ;
; Auto RAM Replacement                                                       ; On                 ; On                 ;
; Auto DSP Block Replacement                                                 ; On                 ; On                 ;
; Auto Shift Register Replacement                                            ; Auto               ; Auto               ;
; Allow Shift Register Merging across Hierarchies                            ; Auto               ; Auto               ;
; Auto Clock Enable Replacement                                              ; On                 ; On                 ;
; Strict RAM Replacement                                                     ; Off                ; Off                ;
; Allow Synchronous Control Signals                                          ; On                 ; On                 ;
; Force Use of Synchronous Clear Signals                                     ; Off                ; Off                ;
; Auto RAM Block Balancing                                                   ; On                 ; On                 ;
; Auto RAM to Logic Cell Conversion                                          ; Off                ; Off                ;
; Auto Resource Sharing                                                      ; Off                ; Off                ;
; Allow Any RAM Size For Recognition                                         ; Off                ; Off                ;
; Allow Any ROM Size For Recognition                                         ; Off                ; Off                ;
; Allow Any Shift Register Size For Recognition                              ; Off                ; Off                ;
; Use LogicLock Constraints during Resource Balancing                        ; On                 ; On                 ;
; Ignore translate_off and synthesis_off directives                          ; Off                ; Off                ;
; Timing-Driven Synthesis                                                    ; On                 ; On                 ;
; Report Parameter Settings                                                  ; On                 ; On                 ;
; Report Source Assignments                                                  ; On                 ; On                 ;
; Report Connectivity Checks                                                 ; On                 ; On                 ;
; Ignore Maximum Fan-Out Assignments                                         ; Off                ; Off                ;
; Synchronization Register Chain Length                                      ; 2                  ; 2                  ;
; PowerPlay Power Optimization During Synthesis                              ; Normal compilation ; Normal compilation ;
; HDL message level                                                          ; Level2             ; Level2             ;
; Suppress Register Optimization Related Messages                            ; Off                ; Off                ;
; Number of Removed Registers Reported in Synthesis Report                   ; 5000               ; 5000               ;
; Number of Swept Nodes Reported in Synthesis Report                         ; 5000               ; 5000               ;
; Number of Inverted Registers Reported in Synthesis Report                  ; 100                ; 100                ;
; Clock MUX Protection                                                       ; On                 ; On                 ;
; Auto Gated Clock Conversion                                                ; Off                ; Off                ;
; Block Design Naming                                                        ; Auto               ; Auto               ;
; SDC constraint protection                                                  ; Off                ; Off                ;
; Synthesis Effort                                                           ; Auto               ; Auto               ;
; Shift Register Replacement - Allow Asynchronous Clear Signal               ; On                 ; On                 ;
; Pre-Mapping Resynthesis Optimization                                       ; Off                ; Off                ;
; Analysis & Synthesis Message Level                                         ; Medium             ; Medium             ;
; Disable Register Merging Across Hierarchies                                ; Auto               ; Auto               ;
; Resource Aware Inference For Block RAM                                     ; On                 ; On                 ;
; Synthesis Seed                                                             ; 1                  ; 1                  ;
+----------------------------------------------------------------------------+--------------------+--------------------+


Parallel compilation was disabled, but you have multiple processors available. Enable parallel compilation to reduce compilation time.
+-------------------------------------+
; Parallel Compilation                ;
+----------------------------+--------+
; Processors                 ; Number ;
+----------------------------+--------+
; Number detected on machine ; 4      ;
; Maximum allowed            ; 1      ;
+----------------------------+--------+


+-----------------------------------------------------------------------------------------------------------------------------------------------+
; Analysis & Synthesis Source Files Read                                                                                                        ;
+----------------------------------+-----------------+-----------------+--------------------------------------------------------------+---------+
; File Name with User-Entered Path ; Used in Netlist ; File Type       ; File Name with Absolute Path                                 ; Library ;
+----------------------------------+-----------------+-----------------+--------------------------------------------------------------+---------+
; Alarm.vhd                        ; yes             ; User VHDL File  ; C:/Users/Nicholas/Desktop/LB08/Alarm.vhd                     ;         ;
; PreScale.vhd                     ; yes             ; User VHDL File  ; C:/Users/Nicholas/Desktop/LB08/PreScale.vhd                  ;         ;
; System.vhd                       ; yes             ; User VHDL File  ; C:/Users/Nicholas/Desktop/LB08/System.vhd                    ;         ;
; AlrTest.vhd                      ; yes             ; User VHDL File  ; C:/Users/Nicholas/Desktop/LB08/AlrTest.vhd                   ;         ;
; TenSecDelay.vhd                  ; yes             ; User VHDL File  ; C:/Users/Nicholas/Desktop/LB08/TenSecDelay.vhd               ;         ;
; output_files/halfSecDelay.vhd    ; yes             ; User VHDL File  ; C:/Users/Nicholas/Desktop/LB08/output_files/halfSecDelay.vhd ;         ;
; JamesBond.vhd                    ; yes             ; User VHDL File  ; C:/Users/Nicholas/Desktop/LB08/JamesBond.vhd                 ;         ;
+----------------------------------+-----------------+-----------------+--------------------------------------------------------------+---------+


+---------------------------------------------------------------------+
; Analysis & Synthesis Resource Usage Summary                         ;
+---------------------------------------------+-----------------------+
; Resource                                    ; Usage                 ;
+---------------------------------------------+-----------------------+
; Estimated Total logic elements              ; 69                    ;
;                                             ;                       ;
; Total combinational functions               ; 63                    ;
; Logic element usage by number of LUT inputs ;                       ;
;     -- 4 input functions                    ; 16                    ;
;     -- 3 input functions                    ; 8                     ;
;     -- <=2 input functions                  ; 39                    ;
;                                             ;                       ;
; Logic elements by mode                      ;                       ;
;     -- normal mode                          ; 33                    ;
;     -- arithmetic mode                      ; 30                    ;
;                                             ;                       ;
; Total registers                             ; 52                    ;
;     -- Dedicated logic registers            ; 52                    ;
;     -- I/O registers                        ; 0                     ;
;                                             ;                       ;
; I/O pins                                    ; 80                    ;
;                                             ;                       ;
; Embedded Multiplier 9-bit elements          ; 0                     ;
;                                             ;                       ;
; Maximum fan-out node                        ; PreScale:stage2|Q[18] ;
; Maximum fan-out                             ; 34                    ;
; Total fan-out                               ; 381                   ;
; Average fan-out                             ; 1.39                  ;
+---------------------------------------------+-----------------------+


+------------------------------------------------------------------------------------------------------------------------------------------------------------------------------------------------------------------+
; Analysis & Synthesis Resource Utilization by Entity                                                                                                                                                              ;
+----------------------------+-------------------+--------------+-------------+--------------+---------+-----------+------+--------------+-------------------------------------------+--------------+--------------+
; Compilation Hierarchy Node ; LC Combinationals ; LC Registers ; Memory Bits ; DSP Elements ; DSP 9x9 ; DSP 18x18 ; Pins ; Virtual Pins ; Full Hierarchy Name                       ; Entity Name  ; Library Name ;
+----------------------------+-------------------+--------------+-------------+--------------+---------+-----------+------+--------------+-------------------------------------------+--------------+--------------+
; |AlrTest                   ; 63 (0)            ; 52 (0)       ; 0           ; 0            ; 0       ; 0         ; 80   ; 0            ; |AlrTest                                  ; AlrTest      ; work         ;
;    |Alarm:stage0|          ; 7 (1)             ; 6 (0)        ; 0           ; 0            ; 0       ; 0         ; 0    ; 0            ; |AlrTest|Alarm:stage0                     ; Alarm        ; work         ;
;       |PreScale:stage1|    ; 6 (6)             ; 6 (6)        ; 0           ; 0            ; 0       ; 0         ; 0    ; 0            ; |AlrTest|Alarm:stage0|PreScale:stage1     ; PreScale     ; work         ;
;    |JamesBond:stage4|      ; 3 (3)             ; 6 (6)        ; 0           ; 0            ; 0       ; 0         ; 0    ; 0            ; |AlrTest|JamesBond:stage4                 ; JamesBond    ; work         ;
;    |PreScale:stage2|       ; 19 (19)           ; 19 (19)      ; 0           ; 0            ; 0       ; 0         ; 0    ; 0            ; |AlrTest|PreScale:stage2                  ; PreScale     ; work         ;
;    |System:stage1|         ; 27 (10)           ; 16 (3)       ; 0           ; 0            ; 0       ; 0         ; 0    ; 0            ; |AlrTest|System:stage1                    ; System       ; work         ;
;       |TenSecDelay:stage0| ; 17 (17)           ; 13 (13)      ; 0           ; 0            ; 0       ; 0         ; 0    ; 0            ; |AlrTest|System:stage1|TenSecDelay:stage0 ; TenSecDelay  ; work         ;
;    |halfSecDelay:stage3|   ; 7 (7)             ; 5 (5)        ; 0           ; 0            ; 0       ; 0         ; 0    ; 0            ; |AlrTest|halfSecDelay:stage3              ; halfSecDelay ; work         ;
+----------------------------+-------------------+--------------+-------------+--------------+---------+-----------+------+--------------+-------------------------------------------+--------------+--------------+
Note: For table entries with two numbers listed, the numbers in parentheses indicate the number of resources of the given type used by the specific entity alone. The numbers listed outside of parentheses indicate the total resources of the given type used by the specific entity and all of its sub-entities in the hierarchy.


Encoding Type:  One-Hot
+-----------------------------------------------------+
; State Machine - |AlrTest|halfSecDelay:stage3|Prest  ;
+-------------+-------------+------------+------------+
; Name        ; Prest.count ; Prest.hold ; Prest.idle ;
+-------------+-------------+------------+------------+
; Prest.idle  ; 0           ; 0          ; 0          ;
; Prest.hold  ; 0           ; 1          ; 1          ;
; Prest.count ; 1           ; 0          ; 1          ;
+-------------+-------------+------------+------------+


Encoding Type:  One-Hot
+-------------------------------------------------------+
; State Machine - |AlrTest|System:stage1|Prest          ;
+--------------+-----------+-------------+--------------+
; Name         ; Prest.alr ; Prest.syson ; Prest.sysoff ;
+--------------+-----------+-------------+--------------+
; Prest.sysoff ; 0         ; 0           ; 0            ;
; Prest.syson  ; 0         ; 1           ; 1            ;
; Prest.alr    ; 1         ; 0           ; 1            ;
+--------------+-----------+-------------+--------------+


Encoding Type:  One-Hot
+-----------------------------------------------------------------+
; State Machine - |AlrTest|System:stage1|TenSecDelay:stage0|Prest ;
+-------------+-------------+------------+------------------------+
; Name        ; Prest.count ; Prest.hold ; Prest.idle             ;
+-------------+-------------+------------+------------------------+
; Prest.idle  ; 0           ; 0          ; 0                      ;
; Prest.hold  ; 0           ; 1          ; 1                      ;
; Prest.count ; 1           ; 0          ; 1                      ;
+-------------+-------------+------------+------------------------+


+------------------------------------------------------------+
; Logic Cells Representing Combinational Loops               ;
+--------------------------------------------------------+---+
; Logic Cell Name                                        ;   ;
+--------------------------------------------------------+---+
; System:stage1|TenSecDelay:stage0|TC~1                  ;   ;
; Number of logic cells representing combinational loops ; 1 ;
+--------------------------------------------------------+---+
Note: All cells listed above may not be present at the end of synthesis due to various synthesis optimizations.


+------------------------------------------------------+
; General Register Statistics                          ;
+----------------------------------------------+-------+
; Statistic                                    ; Value ;
+----------------------------------------------+-------+
; Total registers                              ; 52    ;
; Number of registers using Synchronous Clear  ; 0     ;
; Number of registers using Synchronous Load   ; 10    ;
; Number of registers using Asynchronous Clear ; 0     ;
; Number of registers using Asynchronous Load  ; 0     ;
; Number of registers using Clock Enable       ; 6     ;
; Number of registers using Preset             ; 0     ;
+----------------------------------------------+-------+


+---------------------------------------------------------------------------+
; Parameter Settings for User Entity Instance: Alarm:stage0|PreScale:stage1 ;
+----------------+-------+--------------------------------------------------+
; Parameter Name ; Value ; Type                                             ;
+----------------+-------+--------------------------------------------------+
; bit_width      ; 6     ; Signed Integer                                   ;
+----------------+-------+--------------------------------------------------+
Note: In order to hide this table in the UI and the text report file, please set the "Show Parameter Settings in Synthesis Report" option in "Analysis and Synthesis Settings -> More Settings" to "Off".


+--------------------------------------------------------------+
; Parameter Settings for User Entity Instance: PreScale:stage2 ;
+----------------+-------+-------------------------------------+
; Parameter Name ; Value ; Type                                ;
+----------------+-------+-------------------------------------+
; bit_width      ; 19    ; Signed Integer                      ;
+----------------+-------+-------------------------------------+
Note: In order to hide this table in the UI and the text report file, please set the "Show Parameter Settings in Synthesis Report" option in "Analysis and Synthesis Settings -> More Settings" to "Off".


+-----------------------------------------------------+
; Post-Synthesis Netlist Statistics for Top Partition ;
+-----------------------+-----------------------------+
; Type                  ; Count                       ;
+-----------------------+-----------------------------+
; boundary_port         ; 80                          ;
; cycloneiii_ff         ; 52                          ;
;     ENA               ; 6                           ;
;     SLD               ; 10                          ;
;     plain             ; 36                          ;
; cycloneiii_lcell_comb ; 66                          ;
;     arith             ; 30                          ;
;         2 data inputs ; 28                          ;
;         3 data inputs ; 2                           ;
;     normal            ; 36                          ;
;         0 data inputs ; 2                           ;
;         1 data inputs ; 6                           ;
;         2 data inputs ; 6                           ;
;         3 data inputs ; 6                           ;
;         4 data inputs ; 16                          ;
;                       ;                             ;
; Max LUT depth         ; 6.00                        ;
; Average LUT depth     ; 2.71                        ;
+-----------------------+-----------------------------+


+-------------------------------+
; Elapsed Time Per Partition    ;
+----------------+--------------+
; Partition Name ; Elapsed Time ;
+----------------+--------------+
; Top            ; 00:00:01     ;
+----------------+--------------+


+-------------------------------+
; Analysis & Synthesis Messages ;
+-------------------------------+
Info: *******************************************************************
Info: Running Quartus Prime Analysis & Synthesis
    Info: Version 16.0.0 Build 211 04/27/2016 SJ Lite Edition
    Info: Processing started: Thu Nov 24 14:29:35 2016
Info: Command: quartus_map --read_settings_files=on --write_settings_files=off LB08 -c LB08
Warning (20028): Parallel compilation is not licensed and has been disabled
Info (12021): Found 2 design units, including 1 entities, in source file alarm.vhd
    Info (12022): Found design unit 1: Alarm-structure File: C:/Users/Nicholas/Desktop/LB08/Alarm.vhd Line: 11
    Info (12023): Found entity 1: Alarm File: C:/Users/Nicholas/Desktop/LB08/Alarm.vhd Line: 5
Info (12021): Found 2 design units, including 1 entities, in source file prescale.vhd
    Info (12022): Found design unit 1: PreScale-structure File: C:/Users/Nicholas/Desktop/LB08/PreScale.vhd Line: 14
    Info (12023): Found entity 1: PreScale File: C:/Users/Nicholas/Desktop/LB08/PreScale.vhd Line: 5
Info (12021): Found 3 design units, including 1 entities, in source file system.vhd
    Info (12022): Found design unit 1: System-Basic File: C:/Users/Nicholas/Desktop/LB08/System.vhd Line: 12
    Info (12022): Found design unit 2: System-thelayed File: C:/Users/Nicholas/Desktop/LB08/System.vhd Line: 28
    Info (12023): Found entity 1: System File: C:/Users/Nicholas/Desktop/LB08/System.vhd Line: 5
Info (12021): Found 2 design units, including 1 entities, in source file alrtest.vhd
    Info (12022): Found design unit 1: AlrTest-structure File: C:/Users/Nicholas/Desktop/LB08/AlrTest.vhd Line: 13
    Info (12023): Found entity 1: AlrTest File: C:/Users/Nicholas/Desktop/LB08/AlrTest.vhd Line: 5
Info (12021): Found 2 design units, including 1 entities, in source file tensecdelay.vhd
    Info (12022): Found design unit 1: TenSecDelay-csa File: C:/Users/Nicholas/Desktop/LB08/TenSecDelay.vhd Line: 11
    Info (12023): Found entity 1: TenSecDelay File: C:/Users/Nicholas/Desktop/LB08/TenSecDelay.vhd Line: 5
Info (12021): Found 2 design units, including 1 entities, in source file output_files/halfsecdelay.vhd
    Info (12022): Found design unit 1: halfSecDelay-csa File: C:/Users/Nicholas/Desktop/LB08/output_files/halfSecDelay.vhd Line: 11
    Info (12023): Found entity 1: halfSecDelay File: C:/Users/Nicholas/Desktop/LB08/output_files/halfSecDelay.vhd Line: 5
Info (12021): Found 2 design units, including 1 entities, in source file jamesbond.vhd
    Info (12022): Found design unit 1: JamesBond-goldeneye File: C:/Users/Nicholas/Desktop/LB08/JamesBond.vhd Line: 11
    Info (12023): Found entity 1: JamesBond File: C:/Users/Nicholas/Desktop/LB08/JamesBond.vhd Line: 5
Info (15248): File "C:/Users/Nicholas/Desktop/LB08/halfSecDelay.vhd" is a duplicate of already analyzed file "C:/Users/Nicholas/Desktop/LB08/output_files/halfSecDelay.vhd" (same filename, same library name and same md5 digest). Skipping analysis of this file.
Info (12021): Found 0 design units, including 0 entities, in source file halfsecdelay.vhd
Info (12127): Elaborating entity "AlrTest" for the top level hierarchy
Warning (10873): Using initial value X (don't care) for net "LEDR[14..4]" at AlrTest.vhd(9) File: C:/Users/Nicholas/Desktop/LB08/AlrTest.vhd Line: 9
Info (12128): Elaborating entity "JamesBond" for hierarchy "JamesBond:stage4" File: C:/Users/Nicholas/Desktop/LB08/AlrTest.vhd Line: 49
Warning (10036): Verilog HDL or VHDL warning at JamesBond.vhd(12): object "Q3" assigned a value but never read File: C:/Users/Nicholas/Desktop/LB08/JamesBond.vhd Line: 12
Info (12128): Elaborating entity "Alarm" for hierarchy "Alarm:stage0" File: C:/Users/Nicholas/Desktop/LB08/AlrTest.vhd Line: 58
Info (12128): Elaborating entity "PreScale" for hierarchy "Alarm:stage0|PreScale:stage1" File: C:/Users/Nicholas/Desktop/LB08/Alarm.vhd Line: 23
Info (12129): Elaborating entity "System" using architecture "A:thelayed" for hierarchy "System:stage1" File: C:/Users/Nicholas/Desktop/LB08/AlrTest.vhd Line: 59
Info (12128): Elaborating entity "TenSecDelay" for hierarchy "System:stage1|TenSecDelay:stage0" File: C:/Users/Nicholas/Desktop/LB08/System.vhd Line: 51
Info (12128): Elaborating entity "PreScale" for hierarchy "PreScale:stage2" File: C:/Users/Nicholas/Desktop/LB08/AlrTest.vhd Line: 60
Info (12128): Elaborating entity "halfSecDelay" for hierarchy "halfSecDelay:stage3" File: C:/Users/Nicholas/Desktop/LB08/AlrTest.vhd Line: 61
Warning (13024): Output pins are stuck at VCC or GND
    Warning (13410): Pin "LEDR[4]" is stuck at GND File: C:/Users/Nicholas/Desktop/LB08/AlrTest.vhd Line: 9
    Warning (13410): Pin "LEDR[5]" is stuck at GND File: C:/Users/Nicholas/Desktop/LB08/AlrTest.vhd Line: 9
    Warning (13410): Pin "LEDR[6]" is stuck at GND File: C:/Users/Nicholas/Desktop/LB08/AlrTest.vhd Line: 9
    Warning (13410): Pin "LEDR[7]" is stuck at GND File: C:/Users/Nicholas/Desktop/LB08/AlrTest.vhd Line: 9
    Warning (13410): Pin "LEDR[8]" is stuck at GND File: C:/Users/Nicholas/Desktop/LB08/AlrTest.vhd Line: 9
    Warning (13410): Pin "LEDR[9]" is stuck at GND File: C:/Users/Nicholas/Desktop/LB08/AlrTest.vhd Line: 9
    Warning (13410): Pin "LEDR[10]" is stuck at GND File: C:/Users/Nicholas/Desktop/LB08/AlrTest.vhd Line: 9
    Warning (13410): Pin "LEDR[11]" is stuck at GND File: C:/Users/Nicholas/Desktop/LB08/AlrTest.vhd Line: 9
    Warning (13410): Pin "LEDR[12]" is stuck at GND File: C:/Users/Nicholas/Desktop/LB08/AlrTest.vhd Line: 9
    Warning (13410): Pin "LEDR[13]" is stuck at GND File: C:/Users/Nicholas/Desktop/LB08/AlrTest.vhd Line: 9
    Warning (13410): Pin "LEDR[14]" is stuck at GND File: C:/Users/Nicholas/Desktop/LB08/AlrTest.vhd Line: 9
    Warning (13410): Pin "HEX0[0]" is stuck at VCC File: C:/Users/Nicholas/Desktop/LB08/AlrTest.vhd Line: 10
    Warning (13410): Pin "HEX0[3]" is stuck at VCC File: C:/Users/Nicholas/Desktop/LB08/AlrTest.vhd Line: 10
    Warning (13410): Pin "HEX0[4]" is stuck at VCC File: C:/Users/Nicholas/Desktop/LB08/AlrTest.vhd Line: 10
    Warning (13410): Pin "HEX0[5]" is stuck at VCC File: C:/Users/Nicholas/Desktop/LB08/AlrTest.vhd Line: 10
    Warning (13410): Pin "HEX0[6]" is stuck at VCC File: C:/Users/Nicholas/Desktop/LB08/AlrTest.vhd Line: 10
    Warning (13410): Pin "HEX1[0]" is stuck at VCC File: C:/Users/Nicholas/Desktop/LB08/AlrTest.vhd Line: 10
    Warning (13410): Pin "HEX1[3]" is stuck at VCC File: C:/Users/Nicholas/Desktop/LB08/AlrTest.vhd Line: 10
    Warning (13410): Pin "HEX1[4]" is stuck at VCC File: C:/Users/Nicholas/Desktop/LB08/AlrTest.vhd Line: 10
    Warning (13410): Pin "HEX1[5]" is stuck at VCC File: C:/Users/Nicholas/Desktop/LB08/AlrTest.vhd Line: 10
    Warning (13410): Pin "HEX1[6]" is stuck at VCC File: C:/Users/Nicholas/Desktop/LB08/AlrTest.vhd Line: 10
    Warning (13410): Pin "HEX2[3]" is stuck at VCC File: C:/Users/Nicholas/Desktop/LB08/AlrTest.vhd Line: 10
    Warning (13410): Pin "HEX2[4]" is stuck at VCC File: C:/Users/Nicholas/Desktop/LB08/AlrTest.vhd Line: 10
Info (286030): Timing-Driven Synthesis is running
Info (16010): Generating hard_block partition "hard_block:auto_generated_inst"
    Info (16011): Adding 0 node(s), including 0 DDIO, 0 PLL, 0 transceiver and 0 LCELL
Warning (21074): Design contains 28 input pin(s) that do not drive logic
    Warning (15610): No output dependent on input pin "KEY[0]" File: C:/Users/Nicholas/Desktop/LB08/AlrTest.vhd Line: 6
    Warning (15610): No output dependent on input pin "KEY[1]" File: C:/Users/Nicholas/Desktop/LB08/AlrTest.vhd Line: 6
    Warning (15610): No output dependent on input pin "KEY[2]" File: C:/Users/Nicholas/Desktop/LB08/AlrTest.vhd Line: 6
    Warning (15610): No output dependent on input pin "KEY[4]" File: C:/Users/Nicholas/Desktop/LB08/AlrTest.vhd Line: 6
    Warning (15610): No output dependent on input pin "KEY[5]" File: C:/Users/Nicholas/Desktop/LB08/AlrTest.vhd Line: 6
    Warning (15610): No output dependent on input pin "KEY[6]" File: C:/Users/Nicholas/Desktop/LB08/AlrTest.vhd Line: 6
    Warning (15610): No output dependent on input pin "KEY[7]" File: C:/Users/Nicholas/Desktop/LB08/AlrTest.vhd Line: 6
    Warning (15610): No output dependent on input pin "KEY[8]" File: C:/Users/Nicholas/Desktop/LB08/AlrTest.vhd Line: 6
    Warning (15610): No output dependent on input pin "KEY[9]" File: C:/Users/Nicholas/Desktop/LB08/AlrTest.vhd Line: 6
    Warning (15610): No output dependent on input pin "KEY[10]" File: C:/Users/Nicholas/Desktop/LB08/AlrTest.vhd Line: 6
    Warning (15610): No output dependent on input pin "KEY[11]" File: C:/Users/Nicholas/Desktop/LB08/AlrTest.vhd Line: 6
    Warning (15610): No output dependent on input pin "KEY[12]" File: C:/Users/Nicholas/Desktop/LB08/AlrTest.vhd Line: 6
    Warning (15610): No output dependent on input pin "KEY[13]" File: C:/Users/Nicholas/Desktop/LB08/AlrTest.vhd Line: 6
    Warning (15610): No output dependent on input pin "KEY[14]" File: C:/Users/Nicholas/Desktop/LB08/AlrTest.vhd Line: 6
    Warning (15610): No output dependent on input pin "KEY[15]" File: C:/Users/Nicholas/Desktop/LB08/AlrTest.vhd Line: 6
    Warning (15610): No output dependent on input pin "KEY[16]" File: C:/Users/Nicholas/Desktop/LB08/AlrTest.vhd Line: 6
    Warning (15610): No output dependent on input pin "KEY[17]" File: C:/Users/Nicholas/Desktop/LB08/AlrTest.vhd Line: 6
    Warning (15610): No output dependent on input pin "SW[4]" File: C:/Users/Nicholas/Desktop/LB08/AlrTest.vhd Line: 6
    Warning (15610): No output dependent on input pin "SW[5]" File: C:/Users/Nicholas/Desktop/LB08/AlrTest.vhd Line: 6
    Warning (15610): No output dependent on input pin "SW[6]" File: C:/Users/Nicholas/Desktop/LB08/AlrTest.vhd Line: 6
    Warning (15610): No output dependent on input pin "SW[7]" File: C:/Users/Nicholas/Desktop/LB08/AlrTest.vhd Line: 6
    Warning (15610): No output dependent on input pin "SW[8]" File: C:/Users/Nicholas/Desktop/LB08/AlrTest.vhd Line: 6
    Warning (15610): No output dependent on input pin "SW[9]" File: C:/Users/Nicholas/Desktop/LB08/AlrTest.vhd Line: 6
    Warning (15610): No output dependent on input pin "SW[10]" File: C:/Users/Nicholas/Desktop/LB08/AlrTest.vhd Line: 6
    Warning (15610): No output dependent on input pin "SW[11]" File: C:/Users/Nicholas/Desktop/LB08/AlrTest.vhd Line: 6
    Warning (15610): No output dependent on input pin "SW[12]" File: C:/Users/Nicholas/Desktop/LB08/AlrTest.vhd Line: 6
    Warning (15610): No output dependent on input pin "SW[13]" File: C:/Users/Nicholas/Desktop/LB08/AlrTest.vhd Line: 6
    Warning (15610): No output dependent on input pin "SW[14]" File: C:/Users/Nicholas/Desktop/LB08/AlrTest.vhd Line: 6
Info (21057): Implemented 150 device resources after synthesis - the final resource count might be different
    Info (21058): Implemented 37 input pins
    Info (21059): Implemented 43 output pins
    Info (21061): Implemented 70 logic cells
Info: Quartus Prime Analysis & Synthesis was successful. 0 errors, 56 warnings
    Info: Peak virtual memory: 892 megabytes
    Info: Processing ended: Thu Nov 24 14:29:59 2016
    Info: Elapsed time: 00:00:24
    Info: Total CPU time (on all processors): 00:00:54


